Using pre-set license
Built from '2020.3/staging' branch; Version is '2020.3.9f1 (108be757e447) revision 1084391'; Using compiler version '192528614'; Build Type 'Release'
OS: 'Windows 10 Pro; OS build 19042.1052; Version 2009; 64bit' Language: 'en' Physical Memory: 8125 MB
BatchMode: 1, IsHumanControllingUs: 0, StartBugReporterOnCrash: 0, Is64bit: 1, IsPro: 0

 COMMAND LINE ARGUMENTS:
C:\Program Files\Unity\Hub\Editor\2020.3.9f1\Editor\Unity.exe
-adb2
-batchMode
-noUpm
-name
AssetImportWorker0
-projectPath
C:/Users/bevan/OneDrive/Documents/GitHub/CPtest
-logFile
Logs/AssetImportWorker0.log
-srvPort
49817
Successfully changed project path to: C:/Users/bevan/OneDrive/Documents/GitHub/CPtest
C:/Users/bevan/OneDrive/Documents/GitHub/CPtest
Using Asset Import Pipeline V2.
Refreshing native plugins compatible for Editor in 22.03 ms, found 0 plugins.
Preloading 0 native plugins for Editor in 0.00 ms.
Initialize engine version: 2020.3.9f1 (108be757e447)
[Subsystems] Discovering subsystems at path C:/Program Files/Unity/Hub/Editor/2020.3.9f1/Editor/Data/Resources/UnitySubsystems
[Subsystems] Discovering subsystems at path C:/Users/bevan/OneDrive/Documents/GitHub/CPtest/Assets
GfxDevice: creating device client; threaded=0
Direct3D:
    Version:  Direct3D 11.0 [level 11.1]
    Renderer: NVIDIA GeForce GTX 1060 6GB (ID=0x1c03)
    Vendor:   
    VRAM:     6052 MB
    Driver:   27.21.14.6089
Initialize mono
Mono path[0] = 'C:/Program Files/Unity/Hub/Editor/2020.3.9f1/Editor/Data/Managed'
Mono path[1] = 'C:/Program Files/Unity/Hub/Editor/2020.3.9f1/Editor/Data/MonoBleedingEdge/lib/mono/unityjit'
Mono config path = 'C:/Program Files/Unity/Hub/Editor/2020.3.9f1/Editor/Data/MonoBleedingEdge/etc'
Using monoOptions --debugger-agent=transport=dt_socket,embedding=1,server=y,suspend=n,address=127.0.0.1:56320
Begin MonoManager ReloadAssembly
Registering precompiled unity dll's ...
Register platform support module: C:/Program Files/Unity/Hub/Editor/2020.3.9f1/Editor/Data/PlaybackEngines/WindowsStandaloneSupport/UnityEditor.WindowsStandalone.Extensions.dll
Registered in 0.001507 seconds.
Native extension for WindowsStandalone target not found
Refreshing native plugins compatible for Editor in 21.81 ms, found 0 plugins.
Preloading 0 native plugins for Editor in 0.00 ms.
Mono: successfully reloaded assembly
- Completed reload, in  0.916 seconds
Platform modules already initialized, skipping
Registering precompiled user dll's ...
Registered in 0.000763 seconds.
Begin MonoManager ReloadAssembly
Native extension for WindowsStandalone target not found
Refreshing native plugins compatible for Editor in 0.20 ms, found 0 plugins.
Preloading 0 native plugins for Editor in 0.00 ms.
Mono: successfully reloaded assembly
- Completed reload, in  0.764 seconds
Platform modules already initialized, skipping
========================================================================
Worker process is ready to serve import requests
Launched and connected shader compiler UnityShaderCompiler.exe after 0.04 seconds
Refreshing native plugins compatible for Editor in 0.27 ms, found 0 plugins.
Preloading 0 native plugins for Editor in 0.00 ms.
Unloading 1121 Unused Serialized files (Serialized files now loaded: 0)
System memory in use before: 57.4 MB.
System memory in use after: 57.4 MB.

Unloading 10 unused Assets to reduce memory usage. Loaded Objects now: 1565.
Total: 1.636400 ms (FindLiveObjects: 0.142500 ms CreateObjectMapping: 0.052200 ms MarkObjects: 1.370700 ms  DeleteObjects: 0.070200 ms)

========================================================================
Received Import Request.
  path: Assets/Scenes
  artifactKey: Guid(62e84591c6b9c364ebfb199beb461124) Importer(815301076,1909f56bfc062723c751e8b465ee728b)
Start importing Assets/Scenes using Guid(62e84591c6b9c364ebfb199beb461124) Importer(815301076,1909f56bfc062723c751e8b465ee728b)  -> (artifact id: '62c4846c7b1b01894080454d613d2c89') in 0.009949 seconds
  Import took 0.011661 seconds .

========================================================================
Received Import Request.
  Time since last request: 22.402666 seconds.
  path: Assets/Scenes/CP.unity
  artifactKey: Guid(dabbabefb5dd8f641bb136997b0e11e2) Importer(815301076,1909f56bfc062723c751e8b465ee728b)
Start importing Assets/Scenes/CP.unity using Guid(dabbabefb5dd8f641bb136997b0e11e2) Importer(815301076,1909f56bfc062723c751e8b465ee728b)  -> (artifact id: '3fda133f5b7752deb4c0a6509184b062') in 0.015765 seconds
  Import took 0.017821 seconds .

========================================================================
Received Import Request.
  Time since last request: 10.215310 seconds.
  path: Assets/Materials/1200px-Checkerboard_pattern.svg.mat
  artifactKey: Guid(817aab78686d3cb4e83b3fd3a2cb3717) Importer(815301076,1909f56bfc062723c751e8b465ee728b)
Start importing Assets/Materials/1200px-Checkerboard_pattern.svg.mat using Guid(817aab78686d3cb4e83b3fd3a2cb3717) Importer(815301076,1909f56bfc062723c751e8b465ee728b)  -> (artifact id: '359756d75301b0b3b28a1521cc7bc51f') in 0.116831 seconds
  Import took 0.119065 seconds .

